<?xml version="1.0" encoding="UTF-8"?>
<!-- Generated by org.testng.reporters.JUnitXMLReporter -->
<testsuite hostname="admin-PC" name="Test" tests="4" failures="0" timestamp="9 Nov 2018 05:43:31 GMT" time="75.731" errors="0">
  <testcase name="Br" time="22.425" classname="com.ebanking.master.BranchNG"/>
  <testcase name="Rol" time="15.371" classname="com.ebanking.master.RoleNg"/>
  <testcase name="Rol" time="15.383" classname="com.ebanking.master.RoleNg"/>
  <testcase name="Rol" time="16.152" classname="com.ebanking.master.RoleNg"/>
</testsuite> <!-- Test -->
